<?xml version="1.0" encoding="UTF-8"?>
<!-- Generated by org.testng.reporters.JUnitReportReporter -->
<testsuite skipped="0" hostname="Giridhar-Nitro-5" name="com.tests.Tests" tests="5" failures="0" timestamp="09 Sep 2019 08:24:59 GMT" time="50.033" errors="0">
  <testcase name="logout" time="10.004" classname="com.tests.Tests"/>
  <testcase name="sort" time="10.003" classname="com.tests.Tests"/>
  <testcase name="launchApp" time="10.011" classname="com.tests.Tests"/>
  <testcase name="selectAProduct" time="10.009" classname="com.tests.Tests"/>
  <testcase name="goToAboutPage" time="10.006" classname="com.tests.Tests"/>
</testsuite> <!-- com.tests.Tests -->
